0 info it worked if it ends with ok
1 verbose cli [ '/opt/boxen/nodenv/versions/v0.10.21/bin/node',
1 verbose cli   '/opt/boxen/nodenv/versions/v0.10.21/bin/npm',
1 verbose cli   'run',
1 verbose cli   'test' ]
2 info using npm@1.3.11
3 info using node@v0.10.21
4 error Error: ENOENT, open '/Users/ku/src/c3/spec/package.json'
5 error If you need help, you may report this log at:
5 error     <http://github.com/isaacs/npm/issues>
5 error or email it to:
5 error     <npm-@googlegroups.com>
6 error System Darwin 13.2.0
7 error command "/opt/boxen/nodenv/versions/v0.10.21/bin/node" "/opt/boxen/nodenv/versions/v0.10.21/bin/npm" "run" "test"
8 error cwd /Users/ku/src/c3/spec
9 error node -v v0.10.21
10 error npm -v 1.3.11
11 error path /Users/ku/src/c3/spec/package.json
12 error code ENOENT
13 error errno 34
14 verbose exit [ 34, true ]
